DEB [20160628-13:17:28.816] thr=1   paramiko.transport: starting thread (client mode): 0x5817ac8
DEB [20160628-13:17:28.817] thr=1   paramiko.transport: Local version/idstring: SSH-2.0-paramiko_2.0.0
DEB [20160628-13:17:28.853] thr=1   paramiko.transport: Remote version/idstring: SSH-2.0-OpenSSH_6.9
INF [20160628-13:17:28.853] thr=1   paramiko.transport: Connected (version 2.0, client OpenSSH_6.9)
DEB [20160628-13:17:28.859] thr=1   paramiko.transport: kex algos:['curve25519-sha256@libssh.org', 'ecdh-sha2-nistp256', 'ecdh-sha2-nistp384', 'ecdh-sha2-nistp521', 'diffie-hellman-group-exchange-sha256', 'diffie-hellman-group14-sha1'] server key:['ssh-rsa', 'ssh-dss', 'ecdsa-sha2-nistp256', 'ssh-ed25519'] client encrypt:['chacha20-poly1305@openssh.com', 'aes128-ctr', 'aes192-ctr', 'aes256-ctr', 'aes128-gcm@openssh.com', 'aes256-gcm@openssh.com'] server encrypt:['chacha20-poly1305@openssh.com', 'aes128-ctr', 'aes192-ctr', 'aes256-ctr', 'aes128-gcm@openssh.com', 'aes256-gcm@openssh.com'] client mac:['umac-64-etm@openssh.com', 'umac-128-etm@openssh.com', 'hmac-sha2-256-etm@openssh.com', 'hmac-sha2-512-etm@openssh.com', 'hmac-sha1-etm@openssh.com', 'umac-64@openssh.com', 'umac-128@openssh.com', 'hmac-sha2-256', 'hmac-sha2-512', 'hmac-sha1'] server mac:['umac-64-etm@openssh.com', 'umac-128-etm@openssh.com', 'hmac-sha2-256-etm@openssh.com', 'hmac-sha2-512-etm@openssh.com', 'hmac-sha1-etm@openssh.com', 'umac-64@openssh.com', 'umac-128@openssh.com', 'hmac-sha2-256', 'hmac-sha2-512', 'hmac-sha1'] client compress:['none', 'zlib@openssh.com'] server compress:['none', 'zlib@openssh.com'] client lang:[''] server lang:[''] kex follows?False
DEB [20160628-13:17:28.860] thr=1   paramiko.transport: Kex agreed: diffie-hellman-group14-sha1
DEB [20160628-13:17:28.860] thr=1   paramiko.transport: Cipher agreed: aes128-ctr
DEB [20160628-13:17:28.860] thr=1   paramiko.transport: MAC agreed: hmac-sha2-256
DEB [20160628-13:17:28.860] thr=1   paramiko.transport: Compression agreed: none
DEB [20160628-13:17:28.958] thr=1   paramiko.transport: kex engine KexGroup14 specified hash_algo <built-in function openssl_sha1>
DEB [20160628-13:17:28.959] thr=1   paramiko.transport: Switch to new keys ...
DEB [20160628-13:17:28.960] thr=1   paramiko.transport: userauth is OK
DEB [20160628-13:17:28.961] thr=1   paramiko.transport: Authentication type (password) not permitted.
DEB [20160628-13:17:28.961] thr=1   paramiko.transport: Allowed methods: ['publickey', 'keyboard-interactive']
DEB [20160628-13:17:28.962] thr=1   paramiko.transport: userauth is OK
INF [20160628-13:17:29.084] thr=1   paramiko.transport: Authentication (keyboard-interactive) successful!
DEB [20160628-13:17:29.085] thr=2   paramiko.transport: [chan 0] Max packet in: 32768 bytes
DEB [20160628-13:17:29.099] thr=1   paramiko.transport: Received global request "hostkeys-00@openssh.com"
DEB [20160628-13:17:29.099] thr=1   paramiko.transport: Rejecting "hostkeys-00@openssh.com" global request from server.
DEB [20160628-13:17:29.099] thr=1   paramiko.transport: [chan 0] Max packet out: 32768 bytes
DEB [20160628-13:17:29.099] thr=1   paramiko.transport: Secsh channel 0 opened.
DEB [20160628-13:17:29.106] thr=1   paramiko.transport: [chan 0] Sesch channel 0 request ok
DEB [20160628-13:17:29.107] thr=1   paramiko.transport: [chan 0] Sesch channel 0 request ok
DEB [20160628-13:17:38.799] thr=1   paramiko.transport: [chan 0] EOF received (0)
DEB [20160628-13:17:38.800] thr=1   paramiko.transport: [chan 0] EOF sent (0)
DEB [20160628-13:17:38.906] thr=1   paramiko.transport: EOF in transport thread
